e:\data\repos\samples\shapes\shapes\x64\release\vc141.pdb
e:\data\repos\samples\shapes\shapes\x64\release\triangle.obj
e:\data\repos\samples\shapes\shapes\x64\release\tetrahedron.obj
e:\data\repos\samples\shapes\shapes\x64\release\square.obj
e:\data\repos\samples\shapes\shapes\x64\release\sphere.obj
e:\data\repos\samples\shapes\shapes\x64\release\shape.obj
e:\data\repos\samples\shapes\shapes\x64\release\rectangle.obj
e:\data\repos\samples\shapes\shapes\x64\release\main.obj
e:\data\repos\samples\shapes\shapes\x64\release\cuboid.obj
e:\data\repos\samples\shapes\shapes\x64\release\cube.obj
e:\data\repos\samples\shapes\shapes\x64\release\circle.obj
e:\data\repos\samples\shapes\x64\release\shapes.exe
e:\data\repos\samples\shapes\x64\release\shapes.pdb
e:\data\repos\samples\shapes\x64\release\shapes.ipdb
e:\data\repos\samples\shapes\x64\release\shapes.iobj
e:\data\repos\samples\shapes\shapes\x64\release\shapes.tlog\cl.command.1.tlog
e:\data\repos\samples\shapes\shapes\x64\release\shapes.tlog\cl.read.1.tlog
e:\data\repos\samples\shapes\shapes\x64\release\shapes.tlog\cl.write.1.tlog
e:\data\repos\samples\shapes\shapes\x64\release\shapes.tlog\link.command.1.tlog
e:\data\repos\samples\shapes\shapes\x64\release\shapes.tlog\link.read.1.tlog
e:\data\repos\samples\shapes\shapes\x64\release\shapes.tlog\link.write.1.tlog
e:\data\repos\samples\shapes\shapes\x64\release\shapes.tlog\shapes.write.1u.tlog
