e:\data\repos\samples\shapes\shapes\x64\debug\vc141.pdb
e:\data\repos\samples\shapes\shapes\x64\debug\vc141.idb
e:\data\repos\samples\shapes\shapes\x64\debug\circle.obj
e:\data\repos\samples\shapes\shapes\x64\debug\cube.obj
e:\data\repos\samples\shapes\shapes\x64\debug\cuboid.obj
e:\data\repos\samples\shapes\shapes\x64\debug\main.obj
e:\data\repos\samples\shapes\shapes\x64\debug\rectangle.obj
e:\data\repos\samples\shapes\shapes\x64\debug\shape.obj
e:\data\repos\samples\shapes\shapes\x64\debug\sphere.obj
e:\data\repos\samples\shapes\shapes\x64\debug\square.obj
e:\data\repos\samples\shapes\shapes\x64\debug\tetrahedron.obj
e:\data\repos\samples\shapes\shapes\x64\debug\triangle.obj
e:\data\repos\samples\shapes\x64\debug\shapes.ilk
e:\data\repos\samples\shapes\x64\debug\shapes.exe
e:\data\repos\samples\shapes\x64\debug\shapes.pdb
e:\data\repos\samples\shapes\shapes\x64\debug\shapes.tlog\cl.command.1.tlog
e:\data\repos\samples\shapes\shapes\x64\debug\shapes.tlog\cl.read.1.tlog
e:\data\repos\samples\shapes\shapes\x64\debug\shapes.tlog\cl.write.1.tlog
e:\data\repos\samples\shapes\shapes\x64\debug\shapes.tlog\link.command.1.tlog
e:\data\repos\samples\shapes\shapes\x64\debug\shapes.tlog\link.read.1.tlog
e:\data\repos\samples\shapes\shapes\x64\debug\shapes.tlog\link.write.1.tlog
